# JRE version: OpenJDK Runtime Environment (21.0.10) (build 21.0.10+-14961533-b1163.108)
# Java VM: OpenJDK 64-Bit Server VM (21.0.10+-14961533-b1163.108, mixed mode, tiered, compressed oops, compressed class ptrs, g1 gc, windows-amd64)
GC Precious Log:
 CardTable entry size: 512
 Card Set container configuration: InlinePtr #cards 5 size 8 Array Of Cards #cards 12 size 40 Howl #buckets 4 coarsen threshold 1843 Howl Bitmap #cards 512 size 80 coarsen threshold 460 Card regions per heap region 1 cards per card region 2048
 CPUs: 8 total, 8 available
 Memory: 7975M
 Large Page Support: Disabled
 NUMA Support: Disabled
 Compressed Oops: Enabled (32-bit)
 Heap Region Size: 1M
 Heap Min Capacity: 8M
 Heap Initial Capacity: 126M
 Heap Max Capacity: 2G
 Pre-touch: Disabled
 Parallel Workers: 8
 Concurrent Workers: 2
 Concurrent Refinement Workers: 8
 Periodic GC: Disabled
Heap:
 garbage-first heap   total 82944K, used 40807K [0x0000000080000000, 0x0000000100000000)
  region size 1024K, 6 young (6144K), 6 survivors (6144K)
 Metaspace       used 39441K, committed 40384K, reserved 1114112K
  class space    used 5363K, committed 5824K, reserved 1048576K
GC Heap History (17 events):
Event: 2.297 GC heap before
{Heap before GC invocations=0 (full 0):
 garbage-first heap   total 129024K, used 22528K [0x0000000080000000, 0x0000000100000000)
  region size 1024K, 23 young (23552K), 0 survivors (0K)
 Metaspace       used 7914K, committed 8128K, reserved 1114112K
  class space    used 738K, committed 832K, reserved 1048576K
}
Event: 2.313 GC heap after
{Heap after GC invocations=1 (full 0):
 garbage-first heap   total 129024K, used 1365K [0x0000000080000000, 0x0000000100000000)
  region size 1024K, 2 young (2048K), 2 survivors (2048K)
 Metaspace       used 7914K, committed 8128K, reserved 1114112K
  class space    used 738K, committed 832K, reserved 1048576K
}
Event: 5.794 GC heap before
{Heap before GC invocations=1 (full 0):
 garbage-first heap   total 129024K, used 41301K [0x0000000080000000, 0x0000000100000000)
  region size 1024K, 38 young (38912K), 2 survivors (2048K)
 Metaspace       used 11908K, committed 12096K, reserved 1114112K
  class space    used 1285K, committed 1344K, reserved 1048576K
}
Event: 5.935 GC heap after
{Heap after GC invocations=2 (full 0):
 garbage-first heap   total 129024K, used 11582K [0x0000000080000000, 0x0000000100000000)
  region size 1024K, 5 young (5120K), 5 survivors (5120K)
 Metaspace       used 11908K, committed 12096K, reserved 1114112K
  class space    used 1285K, committed 1344K, reserved 1048576K
}
Event: 7.954 GC heap before
{Heap before GC invocations=2 (full 0):
 garbage-first heap   total 129024K, used 83262K [0x0000000080000000, 0x0000000100000000)
  region size 1024K, 75 young (76800K), 5 survivors (5120K)
 Metaspace       used 12869K, committed 13056K, reserved 1114112K
  class space    used 1404K, committed 1472K, reserved 1048576K
}
Event: 7.968 GC heap after
{Heap after GC invocations=3 (full 0):
 garbage-first heap   total 129024K, used 12467K [0x0000000080000000, 0x0000000100000000)
  region size 1024K, 6 young (6144K), 6 survivors (6144K)
 Metaspace       used 12869K, committed 13056K, reserved 1114112K
  class space    used 1404K, committed 1472K, reserved 1048576K
}
Event: 11.522 GC heap before
{Heap before GC invocations=3 (full 0):
 garbage-first heap   total 129024K, used 84147K [0x0000000080000000, 0x0000000100000000)
  region size 1024K, 75 young (76800K), 6 survivors (6144K)
 Metaspace       used 20441K, committed 20736K, reserved 1114112K
  class space    used 2385K, committed 2496K, reserved 1048576K
}
Event: 11.564 GC heap after
{Heap after GC invocations=4 (full 0):
 garbage-first heap   total 129024K, used 19878K [0x0000000080000000, 0x0000000100000000)
  region size 1024K, 10 young (10240K), 10 survivors (10240K)
 Metaspace       used 20441K, committed 20736K, reserved 1114112K
  class space    used 2385K, committed 2496K, reserved 1048576K
}
Event: 13.655 GC heap before
{Heap before GC invocations=4 (full 0):
 garbage-first heap   total 129024K, used 22950K [0x0000000080000000, 0x0000000100000000)
  region size 1024K, 14 young (14336K), 10 survivors (10240K)
 Metaspace       used 21224K, committed 21504K, reserved 1114112K
  class space    used 2491K, committed 2624K, reserved 1048576K
}
Event: 13.670 GC heap after
{Heap after GC invocations=5 (full 0):
 garbage-first heap   total 129024K, used 21701K [0x0000000080000000, 0x0000000100000000)
  region size 1024K, 2 young (2048K), 2 survivors (2048K)
 Metaspace       used 21224K, committed 21504K, reserved 1114112K
  class space    used 2491K, committed 2624K, reserved 1048576K
}
Event: 21.925 GC heap before
{Heap before GC invocations=6 (full 0):
 garbage-first heap   total 75776K, used 64709K [0x0000000080000000, 0x0000000100000000)
  region size 1024K, 44 young (45056K), 2 survivors (2048K)
 Metaspace       used 28653K, committed 29120K, reserved 1114112K
  class space    used 3639K, committed 3840K, reserved 1048576K
}
Event: 21.948 GC heap after
{Heap after GC invocations=7 (full 0):
 garbage-first heap   total 75776K, used 23274K [0x0000000080000000, 0x0000000100000000)
  region size 1024K, 3 young (3072K), 3 survivors (3072K)
 Metaspace       used 28653K, committed 29120K, reserved 1114112K
  class space    used 3639K, committed 3840K, reserved 1048576K
}
Event: 24.888 GC heap before
{Heap before GC invocations=7 (full 0):
 garbage-first heap   total 75776K, used 63210K [0x0000000080000000, 0x0000000100000000)
  region size 1024K, 41 young (41984K), 3 survivors (3072K)
 Metaspace       used 34539K, committed 35200K, reserved 1114112K
  class space    used 4519K, committed 4800K, reserved 1048576K
}
Event: 24.902 GC heap after
{Heap after GC invocations=8 (full 0):
 garbage-first heap   total 75776K, used 25360K [0x0000000080000000, 0x0000000100000000)
  region size 1024K, 5 young (5120K), 5 survivors (5120K)
 Metaspace       used 34539K, committed 35200K, reserved 1114112K
  class space    used 4519K, committed 4800K, reserved 1048576K
}
Event: 25.124 GC heap before
{Heap before GC invocations=8 (full 0):
 garbage-first heap   total 75776K, used 29456K [0x0000000080000000, 0x0000000100000000)
  region size 1024K, 10 young (10240K), 5 survivors (5120K)
 Metaspace       used 35281K, committed 35968K, reserved 1114112K
  class space    used 4622K, committed 4928K, reserved 1048576K
}
Event: 25.130 GC heap after
{Heap after GC invocations=9 (full 0):
 garbage-first heap   total 75776K, used 25673K [0x0000000080000000, 0x0000000100000000)
  region size 1024K, 3 young (3072K), 3 survivors (3072K)
 Metaspace       used 35281K, committed 35968K, reserved 1114112K
  class space    used 4622K, committed 4928K, reserved 1048576K
}
Event: 28.921 GC heap before
{Heap before GC invocations=10 (full 0):
 garbage-first heap   total 75776K, used 72777K [0x0000000080000000, 0x0000000100000000)
  region size 1024K, 41 young (41984K), 3 survivors (3072K)
 Metaspace       used 39441K, committed 40384K, reserved 1114112K
  class space    used 5363K, committed 5824K, reserved 1048576K
}

